<?xml version="1.0" encoding="UTF-8"?>
<!-- Generated by org.testng.reporters.JUnitReportReporter -->
<testsuite hostname="alfiya" failures="0" tests="1" name="testpkg.Fbtest" time="8.812" errors="0" timestamp="2024-02-29T08:06:47 GMT" skipped="0">
  <testcase classname="testpkg.Fbtest" name="verifyloginwithvalidcred" time="8.812"/>
  <system-out/>
</testsuite> <!-- testpkg.Fbtest -->
