<?xml version="1.0" encoding="UTF-8"?>
<!-- Generated by org.testng.reporters.JUnitReportReporter -->
<testsuite hostname="alfiya" failures="0" tests="3" name="TestNG.Crossbrowser_testing" time="42.347" errors="0" timestamp="2024-02-16T07:20:41 GMT" skipped="0">
  <testcase classname="TestNG.Crossbrowser_testing" name="fb" time="12.283"/>
  <system-out/>
  <testcase classname="TestNG.Crossbrowser_testing" name="fb" time="26.359"/>
  <system-out/>
  <testcase classname="TestNG.Crossbrowser_testing" name="fb" time="3.705"/>
  <system-out/>
</testsuite> <!-- TestNG.Crossbrowser_testing -->
