<?xml version="1.0" encoding="UTF-8"?>
<!-- Generated by org.testng.reporters.JUnitReportReporter -->
<testsuite hostname="alfiya" failures="0" tests="1" name="TestNG.Ebay" time="20.144" errors="0" timestamp="2024-02-20T01:12:52 GMT" skipped="0">
  <testcase classname="TestNG.Ebay" name="test" time="20.144"/>
  <system-out/>
</testsuite> <!-- TestNG.Ebay -->
