<?xml version="1.0" encoding="UTF-8"?>
<!-- Generated by org.testng.reporters.JUnitReportReporter -->
<testsuite hostname="alfiya" failures="0" tests="1" name="TestNG.Assignment" time="51.328" errors="0" timestamp="2024-02-20T06:41:39 GMT" skipped="0">
  <testcase classname="TestNG.Assignment" name="test" time="51.328"/>
  <system-out/>
</testsuite> <!-- TestNG.Assignment -->
