<?xml version="1.0" encoding="UTF-8"?>
<!-- Generated by org.testng.reporters.JUnitReportReporter -->
<testsuite hostname="alfiya" failures="0" tests="4" name="TestNG.Testng_1" time="0.100" errors="0" timestamp="2024-02-14T13:07:47 GMT" skipped="0">
  <testcase classname="TestNG.Testng_1" name="test3" time="0.023"/>
  <system-out/>
  <testcase classname="TestNG.Testng_1" name="test2" time="0.023"/>
  <system-out/>
  <testcase classname="TestNG.Testng_1" name="test2" time="0.033"/>
  <system-out/>
  <testcase classname="TestNG.Testng_1" name="test1" time="0.021"/>
  <system-out/>
</testsuite> <!-- TestNG.Testng_1 -->
