<?xml version="1.0" encoding="UTF-8"?>
<!-- Generated by org.testng.reporters.JUnitReportReporter -->
<testsuite hostname="alfiya" failures="0" tests="1" name="TestNG.Fileuploading_normal" time="2.182" errors="0" timestamp="2024-02-23T00:41:55 GMT" skipped="0">
  <testcase classname="TestNG.Fileuploading_normal" name="test" time="2.182"/>
  <system-out/>
</testsuite> <!-- TestNG.Fileuploading_normal -->
