<?xml version="1.0" encoding="UTF-8"?>
<!-- Generated by org.testng.reporters.JUnitReportReporter -->
<testsuite hostname="alfiya" failures="0" tests="1" name="TestNG.Testng_grouping" time="0.019" errors="0" timestamp="2024-02-15T12:14:36 GMT" skipped="0">
  <testcase classname="TestNG.Testng_grouping" name="main2" time="0.019"/>
  <system-out/>
</testsuite> <!-- TestNG.Testng_grouping -->
