<?xml version="1.0" encoding="UTF-8"?>
<!-- Generated by org.testng.reporters.JUnitReportReporter -->
<testsuite hostname="alfiya" failures="0" tests="1" name="TestNG.Parameter_test" time="0.019" errors="0" timestamp="2024-02-15T07:16:18 GMT" skipped="0">
  <testcase classname="TestNG.Parameter_test" name="main" time="0.019"/>
  <system-out/>
</testsuite> <!-- TestNG.Parameter_test -->
