<?xml version="1.0" encoding="UTF-8"?>
<!-- Generated by org.testng.reporters.JUnitReportReporter -->
<testsuite hostname="alfiya" failures="0" tests="1" name="test.FBtest" time="12.307" errors="0" timestamp="2024-02-28T07:32:06 GMT" skipped="0">
  <testcase classname="test.FBtest" name="testlogin" time="12.307"/>
  <system-out/>
</testsuite> <!-- test.FBtest -->
