<?xml version="1.0" encoding="UTF-8"?>
<!-- Generated by org.testng.reporters.JUnitReportReporter -->
<testsuite hostname="alfiya" failures="0" tests="1" name="TestNG.Drag_drop" time="9.744" errors="0" timestamp="2024-02-19T01:21:21 GMT" skipped="0">
  <testcase classname="TestNG.Drag_drop" name="test1" time="9.744"/>
  <system-out/>
</testsuite> <!-- TestNG.Drag_drop -->
