<?xml version="1.0" encoding="UTF-8"?>
<!-- Generated by org.testng.reporters.JUnitReportReporter -->
<testsuite hostname="alfiya" failures="0" tests="1" name="blazedemo_test.Blazedemo_test" time="10.471" errors="0" timestamp="2024-02-27T08:02:56 GMT" skipped="0">
  <testcase classname="blazedemo_test.Blazedemo_test" name="blazeregister" time="10.471"/>
  <system-out/>
</testsuite> <!-- blazedemo_test.Blazedemo_test -->
